#Start(1623871178219)

  Warning number 9
  /Users/mando/Github/suave-gist/src/Suave.re:36:5-21
  
  34 ┆ filter(
  35 ┆   fun
  36 ┆   | {method: "GET"} => true
  37 ┆   | _ => false,
  38 ┆ );
  
  the following labels are not bound in this record pattern:
path, send
Either bind these labels explicitly or add '; _' to the pattern.
  

  Warning number 9
  /Users/mando/Github/suave-gist/src/Suave.re:43:5-21
  
  41 ┆ filter(
  42 ┆   fun
  43 ┆   | {method: "PUT"} => true
  44 ┆   | _ => false,
  45 ┆ );
  
  the following labels are not bound in this record pattern:
path, send
Either bind these labels explicitly or add '; _' to the pattern.
  

  Warning number 9
  /Users/mando/Github/suave-gist/src/Suave.re:49:5-22
  
  47 ┆ filter(
  48 ┆   fun
  49 ┆   | {method: "POST"} => true
  50 ┆   | _ => false,
  51 ┆ );
  
  the following labels are not bound in this record pattern:
path, send
Either bind these labels explicitly or add '; _' to the pattern.
  

  Warning number 9
  /Users/mando/Github/suave-gist/src/Suave.re:56:5-24
  
  54 ┆ filter(
  55 ┆   fun
  56 ┆   | {method: "DELETE"} => true
  57 ┆   | _ => false,
  58 ┆ );
  
  the following labels are not bound in this record pattern:
path, send
Either bind these labels explicitly or add '; _' to the pattern.
  
#Done(1623871178424)
